This file contains any messages produced by compilers while
running configure, to aid debugging if configure makes a mistake.

It was created by Angband configure 3.2.0, which was
generated by GNU Autoconf 2.61.  Invocation command line was

  $ ./configure --enable-gtk --enable-sdl

## --------- ##
## Platform. ##
## --------- ##

hostname = kali
uname -m = x86_64
uname -r = 4.7.1-1-zen
uname -s = Linux
uname -v = #1 ZEN SMP PREEMPT Wed Aug 17 15:40:19 UTC 2016

/usr/bin/uname -p = unknown
/bin/uname -X     = unknown

/bin/arch              = unknown
/usr/bin/arch -k       = unknown
/usr/convex/getsysinfo = unknown
/usr/bin/hostinfo      = unknown
/bin/machine           = unknown
/usr/bin/oslevel       = unknown
/bin/universe          = unknown

PATH: /home/rtmf/bin
PATH: /usr/local/sbin
PATH: /usr/local/bin
PATH: /usr/bin
PATH: /usr/bin/site_perl
PATH: /usr/bin/vendor_perl
PATH: /usr/bin/core_perl


## ----------- ##
## Core tests. ##
## ----------- ##

configure:1875: checking for gcc
configure:1891: found /usr/bin/gcc
configure:1902: result: gcc
configure:2140: checking for C compiler version
configure:2147: gcc --version >&5
gcc (GCC) 6.1.1 20160802
Copyright (C) 2016 Free Software Foundation, Inc.
This is free software; see the source for copying conditions.  There is NO
warranty; not even for MERCHANTABILITY or FITNESS FOR A PARTICULAR PURPOSE.

configure:2150: $? = 0
configure:2157: gcc -v >&5
Using built-in specs.
COLLECT_GCC=gcc
COLLECT_LTO_WRAPPER=/usr/lib/gcc/x86_64-pc-linux-gnu/6.1.1/lto-wrapper
Target: x86_64-pc-linux-gnu
Configured with: /build/gcc-multilib/src/gcc/configure --prefix=/usr --libdir=/usr/lib --libexecdir=/usr/lib --mandir=/usr/share/man --infodir=/usr/share/info --with-bugurl=https://bugs.archlinux.org/ --enable-languages=c,c++,ada,fortran,go,lto,objc,obj-c++ --enable-shared --enable-threads=posix --enable-libmpx --with-system-zlib --with-isl --enable-__cxa_atexit --disable-libunwind-exceptions --enable-clocale=gnu --disable-libstdcxx-pch --disable-libssp --enable-gnu-unique-object --enable-linker-build-id --enable-lto --enable-plugin --enable-install-libiberty --with-linker-hash-style=gnu --enable-gnu-indirect-function --enable-multilib --disable-werror --enable-checking=release
Thread model: posix
gcc version 6.1.1 20160802 (GCC) 
configure:2160: $? = 0
configure:2167: gcc -V >&5
gcc: error: unrecognized command line option '-V'
gcc: fatal error: no input files
compilation terminated.
configure:2170: $? = 1
configure:2193: checking for C compiler default output file name
configure:2220: gcc    conftest.c  >&5
configure:2223: $? = 0
configure:2261: result: a.out
configure:2278: checking whether the C compiler works
configure:2288: ./a.out
configure:2291: $? = 0
configure:2308: result: yes
configure:2315: checking whether we are cross compiling
configure:2317: result: no
configure:2320: checking for suffix of executables
configure:2327: gcc -o conftest    conftest.c  >&5
configure:2330: $? = 0
configure:2354: result: 
configure:2360: checking for suffix of object files
configure:2386: gcc -c   conftest.c >&5
configure:2389: $? = 0
configure:2412: result: o
configure:2416: checking whether we are using the GNU C compiler
configure:2445: gcc -c   conftest.c >&5
configure:2451: $? = 0
configure:2468: result: yes
configure:2473: checking whether gcc accepts -g
configure:2503: gcc -c -g  conftest.c >&5
configure:2509: $? = 0
configure:2608: result: yes
configure:2625: checking for gcc option to accept ISO C89
configure:2699: gcc  -c -g -O2  conftest.c >&5
configure:2705: $? = 0
configure:2728: result: none needed
configure:2746: checking whether make sets $(MAKE)
configure:2767: result: yes
configure:2776: checking whether ln -s works
configure:2780: result: yes
configure:2831: checking for a BSD-compatible install
configure:2887: result: /usr/bin/install -c
configure:2898: checking for a thread-safe mkdir -p
configure:2937: result: /usr/bin/mkdir -p
configure:2943: checking for rm
configure:2961: found /usr/bin/rm
configure:2973: result: /usr/bin/rm
configure:2983: checking for mv
configure:3001: found /usr/bin/mv
configure:3013: result: /usr/bin/mv
configure:3023: checking for cp
configure:3041: found /usr/bin/cp
configure:3053: result: /usr/bin/cp
configure:3071: checking for dirent.h that defines DIR
configure:3100: gcc -c -g -O2  conftest.c >&5
configure:3106: $? = 0
configure:3122: result: yes
configure:3135: checking for library containing opendir
configure:3176: gcc -o conftest -g -O2   conftest.c  >&5
configure:3182: $? = 0
configure:3210: result: none required
configure:3309: checking how to run the C preprocessor
configure:3349: gcc -E  conftest.c
configure:3355: $? = 0
configure:3386: gcc -E  conftest.c
conftest.c:11:28: fatal error: ac_nonexistent.h: No such file or directory
 #include <ac_nonexistent.h>
                            ^
compilation terminated.
configure:3392: $? = 1
configure: failed program was:
| /* confdefs.h.  */
| #define PACKAGE_NAME "Angband"
| #define PACKAGE_TARNAME "angband"
| #define PACKAGE_VERSION "3.2.0"
| #define PACKAGE_STRING "Angband 3.2.0"
| #define PACKAGE_BUGREPORT "bugs@rephial.org"
| #define PACKAGE "angband"
| #define VERSION "3.2.0"
| #define HAVE_DIRENT_H 1
| /* end confdefs.h.  */
| #include <ac_nonexistent.h>
configure:3425: result: gcc -E
configure:3454: gcc -E  conftest.c
configure:3460: $? = 0
configure:3491: gcc -E  conftest.c
conftest.c:11:28: fatal error: ac_nonexistent.h: No such file or directory
 #include <ac_nonexistent.h>
                            ^
compilation terminated.
configure:3497: $? = 1
configure: failed program was:
| /* confdefs.h.  */
| #define PACKAGE_NAME "Angband"
| #define PACKAGE_TARNAME "angband"
| #define PACKAGE_VERSION "3.2.0"
| #define PACKAGE_STRING "Angband 3.2.0"
| #define PACKAGE_BUGREPORT "bugs@rephial.org"
| #define PACKAGE "angband"
| #define VERSION "3.2.0"
| #define HAVE_DIRENT_H 1
| /* end confdefs.h.  */
| #include <ac_nonexistent.h>
configure:3535: checking for grep that handles long lines and -e
configure:3609: result: /usr/bin/grep
configure:3614: checking for egrep
configure:3692: result: /usr/bin/grep -E
configure:3697: checking for ANSI C header files
configure:3727: gcc -c -g -O2  conftest.c >&5
configure:3733: $? = 0
configure:3832: gcc -o conftest -g -O2   conftest.c  >&5
configure:3835: $? = 0
configure:3841: ./conftest
configure:3844: $? = 0
configure:3861: result: yes
configure:3885: checking for sys/types.h
configure:3906: gcc -c -g -O2  conftest.c >&5
configure:3912: $? = 0
configure:3928: result: yes
configure:3885: checking for sys/stat.h
configure:3906: gcc -c -g -O2  conftest.c >&5
configure:3912: $? = 0
configure:3928: result: yes
configure:3885: checking for stdlib.h
configure:3906: gcc -c -g -O2  conftest.c >&5
configure:3912: $? = 0
configure:3928: result: yes
configure:3885: checking for string.h
configure:3906: gcc -c -g -O2  conftest.c >&5
configure:3912: $? = 0
configure:3928: result: yes
configure:3885: checking for memory.h
configure:3906: gcc -c -g -O2  conftest.c >&5
configure:3912: $? = 0
configure:3928: result: yes
configure:3885: checking for strings.h
configure:3906: gcc -c -g -O2  conftest.c >&5
configure:3912: $? = 0
configure:3928: result: yes
configure:3885: checking for inttypes.h
configure:3906: gcc -c -g -O2  conftest.c >&5
configure:3912: $? = 0
configure:3928: result: yes
configure:3885: checking for stdint.h
configure:3906: gcc -c -g -O2  conftest.c >&5
configure:3912: $? = 0
configure:3928: result: yes
configure:3885: checking for unistd.h
configure:3906: gcc -c -g -O2  conftest.c >&5
configure:3912: $? = 0
configure:3928: result: yes
configure:3956: checking fcntl.h usability
configure:3973: gcc -c -g -O2  conftest.c >&5
configure:3979: $? = 0
configure:3993: result: yes
configure:3997: checking fcntl.h presence
configure:4012: gcc -E  conftest.c
configure:4018: $? = 0
configure:4032: result: yes
configure:4065: checking for fcntl.h
configure:4073: result: yes
configure:3946: checking for stdint.h
configure:3952: result: yes
configure:4086: checking for stdbool.h that conforms to C99
configure:4179: gcc -c -g -O2  conftest.c >&5
configure:4185: $? = 0
configure:4200: result: yes
configure:4202: checking for _Bool
configure:4232: gcc -c -g -O2  conftest.c >&5
configure:4238: $? = 0
configure:4253: result: yes
configure:4272: checking for an ANSI C-conforming const
configure:4347: gcc -c -g -O2  conftest.c >&5
configure:4353: $? = 0
configure:4368: result: yes
configure:4378: checking return type of signal handlers
configure:4406: gcc -c -g -O2  conftest.c >&5
conftest.c: In function 'main':
conftest.c:31:10: error: void value not ignored as it ought to be
 return *(signal (0, 0)) (0) == 1;
         ~^~~~~~~~~~~~~~~~~~
configure:4412: $? = 1
configure: failed program was:
| /* confdefs.h.  */
| #define PACKAGE_NAME "Angband"
| #define PACKAGE_TARNAME "angband"
| #define PACKAGE_VERSION "3.2.0"
| #define PACKAGE_STRING "Angband 3.2.0"
| #define PACKAGE_BUGREPORT "bugs@rephial.org"
| #define PACKAGE "angband"
| #define VERSION "3.2.0"
| #define HAVE_DIRENT_H 1
| #define STDC_HEADERS 1
| #define HAVE_SYS_TYPES_H 1
| #define HAVE_SYS_STAT_H 1
| #define HAVE_STDLIB_H 1
| #define HAVE_STRING_H 1
| #define HAVE_MEMORY_H 1
| #define HAVE_STRINGS_H 1
| #define HAVE_INTTYPES_H 1
| #define HAVE_STDINT_H 1
| #define HAVE_UNISTD_H 1
| #define HAVE_FCNTL_H 1
| #define HAVE_STDINT_H 1
| #define HAVE__BOOL 1
| #define HAVE_STDBOOL_H 1
| /* end confdefs.h.  */
| #include <sys/types.h>
| #include <signal.h>
| 
| int
| main ()
| {
| return *(signal (0, 0)) (0) == 1;
|   ;
|   return 0;
| }
configure:4427: result: void
configure:4442: checking for mkdir
configure:4498: gcc -o conftest -g -O2   conftest.c  >&5
configure:4504: $? = 0
configure:4522: result: yes
configure:4442: checking for setresgid
configure:4498: gcc -o conftest -g -O2   conftest.c  >&5
configure:4504: $? = 0
configure:4522: result: yes
configure:4442: checking for setegid
configure:4498: gcc -o conftest -g -O2   conftest.c  >&5
configure:4504: $? = 0
configure:4522: result: yes
configure:4442: checking for stat
configure:4498: gcc -o conftest -g -O2   conftest.c  >&5
configure:4504: $? = 0
configure:4522: result: yes
configure:4542: checking if make supports SysV-style inclusion
configure:4562: result: yes
configure:4571: checking for make silent include syntax
configure:4598: result: gnu
configure:4809: checking for initscr in -lcurses  
configure:4844: gcc -o conftest -g -O2 -DHAVE_CONFIG_H -fno-strength-reduce -W -Wall -Wno-unused-parameter -Wno-missing-field-initializers -pedantic  -I.  conftest.c -lcurses     >&5
configure:4850: $? = 0
configure:4868: result: yes
configure:4876: checking for initscr in -lncurses 
configure:4911: gcc -o conftest -g -O2 -DHAVE_CONFIG_H -fno-strength-reduce -W -Wall -Wno-unused-parameter -Wno-missing-field-initializers -pedantic  -I.  conftest.c -lncurses    >&5
configure:4917: $? = 0
configure:4935: result: yes
configure:4943: checking for initscr in -lpdcurses
configure:4978: gcc -o conftest -g -O2 -DHAVE_CONFIG_H -fno-strength-reduce -W -Wall -Wno-unused-parameter -Wno-missing-field-initializers -pedantic  -I.  conftest.c -lpdcurses   >&5
/usr/bin/ld: cannot find -lpdcurses
collect2: error: ld returned 1 exit status
configure:4984: $? = 1
configure: failed program was:
| /* confdefs.h.  */
| #define PACKAGE_NAME "Angband"
| #define PACKAGE_TARNAME "angband"
| #define PACKAGE_VERSION "3.2.0"
| #define PACKAGE_STRING "Angband 3.2.0"
| #define PACKAGE_BUGREPORT "bugs@rephial.org"
| #define PACKAGE "angband"
| #define VERSION "3.2.0"
| #define HAVE_DIRENT_H 1
| #define STDC_HEADERS 1
| #define HAVE_SYS_TYPES_H 1
| #define HAVE_SYS_STAT_H 1
| #define HAVE_STDLIB_H 1
| #define HAVE_STRING_H 1
| #define HAVE_MEMORY_H 1
| #define HAVE_STRINGS_H 1
| #define HAVE_INTTYPES_H 1
| #define HAVE_STDINT_H 1
| #define HAVE_UNISTD_H 1
| #define HAVE_FCNTL_H 1
| #define HAVE_STDINT_H 1
| #define HAVE__BOOL 1
| #define HAVE_STDBOOL_H 1
| #define RETSIGTYPE void
| #define HAVE_MKDIR 1
| #define HAVE_SETRESGID 1
| #define HAVE_SETEGID 1
| #define HAVE_STAT 1
| #define USE_PRIVATE_PATHS 1
| #define DEFAULT_CONFIG_PATH "/usr/local/etc/angband/"
| #define DEFAULT_LIB_PATH "/usr/local/share/angband/"
| #define DEFAULT_DATA_PATH "/usr/local/var/games/angband/"
| /* end confdefs.h.  */
| 
| /* Override any GCC internal prototype to avoid an error.
|    Use char because int might match the return type of a GCC
|    builtin and then its argument prototype would still apply.  */
| #ifdef __cplusplus
| extern "C"
| #endif
| char initscr ();
| int
| main ()
| {
| return initscr ();
|   ;
|   return 0;
| }
configure:5002: result: no
configure:5063: checking for use_default_colors
configure:5119: gcc -o conftest -g -O2 -DHAVE_CONFIG_H -fno-strength-reduce -W -Wall -Wno-unused-parameter -Wno-missing-field-initializers -pedantic  -I.  -lncurses conftest.c  >&5
configure:5125: $? = 0
configure:5143: result: yes
configure:5063: checking for can_change_color
configure:5119: gcc -o conftest -g -O2 -DHAVE_CONFIG_H -fno-strength-reduce -W -Wall -Wno-unused-parameter -Wno-missing-field-initializers -pedantic  -I.  -lncurses conftest.c  >&5
configure:5125: $? = 0
configure:5143: result: yes
configure:5155: checking for X
configure:5270: gcc -E  -I. conftest.c
configure:5276: $? = 0
configure:5325: gcc -o conftest -g -O2 -DHAVE_CONFIG_H -fno-strength-reduce -W -Wall -Wno-unused-parameter -Wno-missing-field-initializers -pedantic  -I.  -lncurses conftest.c -lX11  >&5
configure:5331: $? = 0
configure:5390: result: libraries , headers 
configure:5551: gcc -o conftest -g -O2 -DHAVE_CONFIG_H -fno-strength-reduce -W -Wall -Wno-unused-parameter -Wno-missing-field-initializers -pedantic  -I.  -lncurses conftest.c   -lX11 >&5
configure:5557: $? = 0
configure:5714: checking for gethostbyname
configure:5770: gcc -o conftest -g -O2 -DHAVE_CONFIG_H -fno-strength-reduce -W -Wall -Wno-unused-parameter -Wno-missing-field-initializers -pedantic  -I.  -lncurses conftest.c  >&5
configure:5776: $? = 0
configure:5793: result: yes
configure:5938: checking for connect
configure:5994: gcc -o conftest -g -O2 -DHAVE_CONFIG_H -fno-strength-reduce -W -Wall -Wno-unused-parameter -Wno-missing-field-initializers -pedantic  -I.  -lncurses conftest.c  >&5
configure:6000: $? = 0
configure:6017: result: yes
configure:6089: checking for remove
configure:6145: gcc -o conftest -g -O2 -DHAVE_CONFIG_H -fno-strength-reduce -W -Wall -Wno-unused-parameter -Wno-missing-field-initializers -pedantic  -I.  -lncurses conftest.c  >&5
configure:6151: $? = 0
configure:6168: result: yes
configure:6240: checking for shmat
configure:6296: gcc -o conftest -g -O2 -DHAVE_CONFIG_H -fno-strength-reduce -W -Wall -Wno-unused-parameter -Wno-missing-field-initializers -pedantic  -I.  -lncurses conftest.c  >&5
configure:6302: $? = 0
configure:6319: result: yes
configure:6400: checking for IceConnectionNumber in -lICE
configure:6435: gcc -o conftest -g -O2 -DHAVE_CONFIG_H -fno-strength-reduce -W -Wall -Wno-unused-parameter -Wno-missing-field-initializers -pedantic  -I.  -lncurses conftest.c -lICE   >&5
configure:6441: $? = 0
configure:6459: result: yes
configure:6524: checking for sdl-config
configure:6542: found /usr/bin/sdl-config
configure:6555: result: /usr/bin/sdl-config
configure:6564: checking for SDL - version >= 1.2.10
configure:6659: gcc -o conftest -g -O2 -DHAVE_CONFIG_H -fno-strength-reduce -W -Wall -Wno-unused-parameter -Wno-missing-field-initializers -pedantic  -I/usr/include/SDL -D_GNU_SOURCE=1 -D_REENTRANT  -I.  -lncurses  -lSM -lICE  -lX11  conftest.c  -L/usr/lib -lSDL -lpthread >&5
configure:6662: $? = 0
configure:6668: ./conftest
configure:6671: $? = 0
configure:6691: result: yes
configure:6782: checking for IMG_LoadPNG_RW in -lSDL_image
configure:6817: gcc -o conftest -g -O2 -DHAVE_CONFIG_H -fno-strength-reduce -W -Wall -Wno-unused-parameter -Wno-missing-field-initializers -pedantic   -I.  -lncurses  -lSM -lICE  -lX11  conftest.c -lSDL_image   >&5
configure:6823: $? = 0
configure:6841: result: yes
configure:6849: checking for TTF_Init in -lSDL_ttf
configure:6884: gcc -o conftest -g -O2 -DHAVE_CONFIG_H -fno-strength-reduce -W -Wall -Wno-unused-parameter -Wno-missing-field-initializers -pedantic   -I.  -lncurses  -lSM -lICE  -lX11  conftest.c -lSDL_ttf   >&5
configure:6890: $? = 0
configure:6908: result: yes
configure:6937: checking for pkg-config
configure:6955: found /usr/bin/pkg-config
configure:6968: result: /usr/bin/pkg-config
configure:6986: checking for glib-2.0 >= 2.6.0 gtk+-2.0 >= 2.6.0 gthread-2.0 pango libglade-2.0
configure:6990: result: yes
configure:6994: checking GTK_CFLAGS
configure:6997: result: -pthread -I/usr/include/libglade-2.0 -I/usr/include/gtk-2.0 -I/usr/lib/gtk-2.0/include -I/usr/include/pango-1.0 -I/usr/include/atk-1.0 -I/usr/include/cairo -I/usr/include/pixman-1 -I/usr/include/libdrm -I/usr/include/gdk-pixbuf-2.0 -I/usr/include/libpng16 -I/usr/include/pango-1.0 -I/usr/include/freetype2 -I/usr/include/libpng16 -I/usr/include/harfbuzz -I/usr/include/glib-2.0 -I/usr/lib/glib-2.0/include -I/usr/include/freetype2 -I/usr/include/libpng16 -I/usr/include/harfbuzz -I/usr/include/glib-2.0 -I/usr/lib/glib-2.0/include -I/usr/include/libxml2
configure:7000: checking GTK_LIBS
configure:7003: result: -lgthread-2.0 -pthread -lglade-2.0 -lgtk-x11-2.0 -lgdk-x11-2.0 -lpangocairo-1.0 -latk-1.0 -lcairo -lgdk_pixbuf-2.0 -lgio-2.0 -lpangoft2-1.0 -lpango-1.0 -lgobject-2.0 -lglib-2.0 -lfontconfig -lfreetype -lxml2
configure:7086: checking for glib-2.0 >= 2.6.0
configure:7090: result: yes
configure:7094: checking GLIB_CFLAGS
configure:7097: result: -I/usr/include/glib-2.0 -I/usr/lib/glib-2.0/include
configure:7100: checking GLIB_LIBS
configure:7103: result: -lglib-2.0
configure:7150: checking for Mix_OpenAudio in -lSDL_mixer
configure:7185: gcc -o conftest -g -O2 -DHAVE_CONFIG_H -fno-strength-reduce -W -Wall -Wno-unused-parameter -Wno-missing-field-initializers -pedantic  -I/usr/include/SDL -D_GNU_SOURCE=1 -D_REENTRANT -pthread -I/usr/include/libglade-2.0 -I/usr/include/gtk-2.0 -I/usr/lib/gtk-2.0/include -I/usr/include/pango-1.0 -I/usr/include/atk-1.0 -I/usr/include/cairo -I/usr/include/pixman-1 -I/usr/include/libdrm -I/usr/include/gdk-pixbuf-2.0 -I/usr/include/libpng16 -I/usr/include/pango-1.0 -I/usr/include/freetype2 -I/usr/include/libpng16 -I/usr/include/harfbuzz -I/usr/include/glib-2.0 -I/usr/lib/glib-2.0/include -I/usr/include/freetype2 -I/usr/include/libpng16 -I/usr/include/harfbuzz -I/usr/include/glib-2.0 -I/usr/lib/glib-2.0/include -I/usr/include/libxml2  -I.  -lncurses  -lSM -lICE  -lX11  -L/usr/lib -lSDL -lpthread -lSDL_image -lSDL_ttf -lgthread-2.0 -pthread -lglade-2.0 -lgtk-x11-2.0 -lgdk-x11-2.0 -lpangocairo-1.0 -latk-1.0 -lcairo -lgdk_pixbuf-2.0 -lgio-2.0 -lpangoft2-1.0 -lpango-1.0 -lgobject-2.0 -lglib-2.0 -lfontconfig -lfreetype -lxml2 -rdynamic -export-dynamic conftest.c -lSDL_mixer   >&5
configure:7191: $? = 0
configure:7209: result: yes
configure:7340: creating ./config.status

## ---------------------- ##
## Running config.status. ##
## ---------------------- ##

This file was extended by Angband config.status 3.2.0, which was
generated by GNU Autoconf 2.61.  Invocation command line was

  CONFIG_FILES    = 
  CONFIG_HEADERS  = 
  CONFIG_LINKS    = 
  CONFIG_COMMANDS = 
  $ ./config.status 

on kali

config.status:624: creating mk/extra.mk
config.status:624: creating mk/sinclude.mk
config.status:624: creating src/autoconf.h

## ---------------- ##
## Cache variables. ##
## ---------------- ##

ac_cv_c_compiler_gnu=yes
ac_cv_c_const=yes
ac_cv_env_CC_set=
ac_cv_env_CC_value=
ac_cv_env_CFLAGS_set=
ac_cv_env_CFLAGS_value=
ac_cv_env_CPPFLAGS_set=
ac_cv_env_CPPFLAGS_value=
ac_cv_env_CPP_set=
ac_cv_env_CPP_value=
ac_cv_env_LDFLAGS_set=
ac_cv_env_LDFLAGS_value=
ac_cv_env_LIBS_set=
ac_cv_env_LIBS_value=
ac_cv_env_MAKE_set=
ac_cv_env_MAKE_value=
ac_cv_env_XMKMF_set=
ac_cv_env_XMKMF_value=
ac_cv_env_build_alias_set=
ac_cv_env_build_alias_value=
ac_cv_env_host_alias_set=
ac_cv_env_host_alias_value=
ac_cv_env_target_alias_set=
ac_cv_env_target_alias_value=
ac_cv_func_can_change_color=yes
ac_cv_func_connect=yes
ac_cv_func_gethostbyname=yes
ac_cv_func_mkdir=yes
ac_cv_func_remove=yes
ac_cv_func_setegid=yes
ac_cv_func_setresgid=yes
ac_cv_func_shmat=yes
ac_cv_func_stat=yes
ac_cv_func_use_default_colors=yes
ac_cv_have_x='have_x=yes	ac_x_includes='\'''\''	ac_x_libraries='\'''\'''
ac_cv_header_dirent_dirent_h=yes
ac_cv_header_fcntl_h=yes
ac_cv_header_inttypes_h=yes
ac_cv_header_memory_h=yes
ac_cv_header_stdbool_h=yes
ac_cv_header_stdc=yes
ac_cv_header_stdint_h=yes
ac_cv_header_stdlib_h=yes
ac_cv_header_string_h=yes
ac_cv_header_strings_h=yes
ac_cv_header_sys_stat_h=yes
ac_cv_header_sys_types_h=yes
ac_cv_header_unistd_h=yes
ac_cv_lib_ICE_IceConnectionNumber=yes
ac_cv_lib_SDL_image_IMG_LoadPNG_RW=yes
ac_cv_lib_SDL_mixer_Mix_OpenAudio=yes
ac_cv_lib_SDL_ttf_TTF_Init=yes
ac_cv_lib_curses___initscr=yes
ac_cv_lib_ncurses__initscr=yes
ac_cv_lib_pdcurses_initscr=no
ac_cv_objext=o
ac_cv_path_CP=/usr/bin/cp
ac_cv_path_EGREP='/usr/bin/grep -E'
ac_cv_path_GREP=/usr/bin/grep
ac_cv_path_MV=/usr/bin/mv
ac_cv_path_PKG_CONFIG=/usr/bin/pkg-config
ac_cv_path_RM=/usr/bin/rm
ac_cv_path_SDL_CONFIG=/usr/bin/sdl-config
ac_cv_path_install='/usr/bin/install -c'
ac_cv_path_mkdir=/usr/bin/mkdir
ac_cv_prog_CPP='gcc -E'
ac_cv_prog_ac_ct_CC=gcc
ac_cv_prog_cc_c89=
ac_cv_prog_cc_g=yes
ac_cv_prog_make_make_set=yes
ac_cv_search_opendir='none required'
ac_cv_type__Bool=yes
ac_cv_type_signal=void
my_cv_make_inclusion_sysv=yes
my_cv_make_sinclude_syntax=gnu

## ----------------- ##
## Output variables. ##
## ----------------- ##

CC='gcc'
CFLAGS='-g -O2 -DHAVE_CONFIG_H -fno-strength-reduce -W -Wall -Wno-unused-parameter -Wno-missing-field-initializers -pedantic  -I/usr/include/SDL -D_GNU_SOURCE=1 -D_REENTRANT -pthread -I/usr/include/libglade-2.0 -I/usr/include/gtk-2.0 -I/usr/lib/gtk-2.0/include -I/usr/include/pango-1.0 -I/usr/include/atk-1.0 -I/usr/include/cairo -I/usr/include/pixman-1 -I/usr/include/libdrm -I/usr/include/gdk-pixbuf-2.0 -I/usr/include/libpng16 -I/usr/include/pango-1.0 -I/usr/include/freetype2 -I/usr/include/libpng16 -I/usr/include/harfbuzz -I/usr/include/glib-2.0 -I/usr/lib/glib-2.0/include -I/usr/include/freetype2 -I/usr/include/libpng16 -I/usr/include/harfbuzz -I/usr/include/glib-2.0 -I/usr/lib/glib-2.0/include -I/usr/include/libxml2 -I/usr/include/SDL -D_GNU_SOURCE=1 -D_REENTRANT'
CP='/usr/bin/cp'
CPP='gcc -E'
CPPFLAGS=' -I.'
DEFS='-DHAVE_CONFIG_H'
ECHO_C=''
ECHO_N='-n'
ECHO_T=''
EGREP='/usr/bin/grep -E'
EXEEXT=''
GLIB_CFLAGS='-I/usr/include/glib-2.0 -I/usr/lib/glib-2.0/include'
GLIB_LIBS='-lglib-2.0'
GREP='/usr/bin/grep'
GTK_CFLAGS='-pthread -I/usr/include/libglade-2.0 -I/usr/include/gtk-2.0 -I/usr/lib/gtk-2.0/include -I/usr/include/pango-1.0 -I/usr/include/atk-1.0 -I/usr/include/cairo -I/usr/include/pixman-1 -I/usr/include/libdrm -I/usr/include/gdk-pixbuf-2.0 -I/usr/include/libpng16 -I/usr/include/pango-1.0 -I/usr/include/freetype2 -I/usr/include/libpng16 -I/usr/include/harfbuzz -I/usr/include/glib-2.0 -I/usr/lib/glib-2.0/include -I/usr/include/freetype2 -I/usr/include/libpng16 -I/usr/include/harfbuzz -I/usr/include/glib-2.0 -I/usr/lib/glib-2.0/include -I/usr/include/libxml2'
GTK_LIBS='-lgthread-2.0 -pthread -lglade-2.0 -lgtk-x11-2.0 -lgdk-x11-2.0 -lpangocairo-1.0 -latk-1.0 -lcairo -lgdk_pixbuf-2.0 -lgio-2.0 -lpangoft2-1.0 -lpango-1.0 -lgobject-2.0 -lglib-2.0 -lfontconfig -lfreetype -lxml2'
INSTALL_DATA='${INSTALL} -m 644'
INSTALL_PROGRAM='${INSTALL}'
INSTALL_SCRIPT='${INSTALL}'
LDFLAGS=' -lncurses  -lSM -lICE  -lX11  -L/usr/lib -lSDL -lpthread -lSDL_image -lSDL_ttf -lgthread-2.0 -pthread -lglade-2.0 -lgtk-x11-2.0 -lgdk-x11-2.0 -lpangocairo-1.0 -latk-1.0 -lcairo -lgdk_pixbuf-2.0 -lgio-2.0 -lpangoft2-1.0 -lpango-1.0 -lgobject-2.0 -lglib-2.0 -lfontconfig -lfreetype -lxml2 -rdynamic -export-dynamic -lSDL_mixer'
LIBOBJS=''
LIBS=''
LN_S='ln -s'
LTLIBOBJS=''
MAKE=''
MAKE_SINCLUDE='-include'
MV='/usr/bin/mv'
NOINSTALL=''
OBJEXT='o'
PACKAGE='angband'
PACKAGE_BUGREPORT='bugs@rephial.org'
PACKAGE_NAME='Angband'
PACKAGE_STRING='Angband 3.2.0'
PACKAGE_TARNAME='angband'
PACKAGE_VERSION='3.2.0'
PATH_SEPARATOR=':'
PKG_CONFIG='/usr/bin/pkg-config'
RM='/usr/bin/rm'
SDL_CFLAGS='-I/usr/include/SDL -D_GNU_SOURCE=1 -D_REENTRANT'
SDL_CONFIG='/usr/bin/sdl-config'
SDL_LIBS='-L/usr/lib -lSDL -lpthread'
SETEGID=''
SET_MAKE=''
SHELL='/bin/sh'
VERSION='3.2.0'
XMKMF=''
X_CFLAGS=''
X_EXTRA_LIBS=''
X_LIBS=''
X_PRE_LIBS=' -lSM -lICE'
ac_ct_CC='gcc'
bindir='/usr/local/games'
build_alias=''
configdir='/usr/local/etc/angband/'
datadir='${datarootdir}'
datarootdir='${prefix}/share'
docdir='${datarootdir}/doc/${PACKAGE_TARNAME}'
dvidir='${docdir}'
exec_prefix='/usr/local'
host_alias=''
htmldir='${docdir}'
includedir='${prefix}/include'
infodir='${datarootdir}/info'
libdatadir='/usr/local/share/angband/'
libdir='${exec_prefix}/lib'
libexecdir='${exec_prefix}/libexec'
localedir='${datarootdir}/locale'
localstatedir='${prefix}/var'
mandir='${datarootdir}/man'
oldincludedir='/usr/include'
pdfdir='${docdir}'
prefix='/usr/local'
program_transform_name='s,x,x,'
psdir='${docdir}'
sbindir='${exec_prefix}/sbin'
sharedstatedir='${prefix}/com'
sysconfdir='${prefix}/etc'
target_alias=''
vardatadir='/usr/local/var/games/angband/'

## ----------- ##
## confdefs.h. ##
## ----------- ##

#define PACKAGE_NAME "Angband"
#define PACKAGE_TARNAME "angband"
#define PACKAGE_VERSION "3.2.0"
#define PACKAGE_STRING "Angband 3.2.0"
#define PACKAGE_BUGREPORT "bugs@rephial.org"
#define PACKAGE "angband"
#define VERSION "3.2.0"
#define HAVE_DIRENT_H 1
#define STDC_HEADERS 1
#define HAVE_SYS_TYPES_H 1
#define HAVE_SYS_STAT_H 1
#define HAVE_STDLIB_H 1
#define HAVE_STRING_H 1
#define HAVE_MEMORY_H 1
#define HAVE_STRINGS_H 1
#define HAVE_INTTYPES_H 1
#define HAVE_STDINT_H 1
#define HAVE_UNISTD_H 1
#define HAVE_FCNTL_H 1
#define HAVE_STDINT_H 1
#define HAVE__BOOL 1
#define HAVE_STDBOOL_H 1
#define RETSIGTYPE void
#define HAVE_MKDIR 1
#define HAVE_SETRESGID 1
#define HAVE_SETEGID 1
#define HAVE_STAT 1
#define USE_PRIVATE_PATHS 1
#define DEFAULT_CONFIG_PATH "/usr/local/etc/angband/"
#define DEFAULT_LIB_PATH "/usr/local/share/angband/"
#define DEFAULT_DATA_PATH "/usr/local/var/games/angband/"
#define USE_NCURSES 1
#define USE_GCU 1
#define HAVE_USE_DEFAULT_COLORS 1
#define HAVE_CAN_CHANGE_COLOR 1
#define USE_X11 1
#define USE_SDL 1
#define USE_GTK 1
#define SOUND_SDL 1

configure: exit 0
